<?xml version="1.0" encoding="utf-8"?>
<!DOCTYPE document PUBLIC "+//IDN docutils.sourceforge.net//DTD Docutils Generic//EN//XML"
        "http://docutils.sourceforge.net/docs/ref/docutils.dtd">
<!-- Generated by Docutils 0.14 -->
<document source="/Users/mykola/work/sphinx-doc-test/index.rst">
    <section ids="welcome-to-test-doc-s-documentation" names="welcome\ to\ test-doc's\ documentation!">
        <title>Welcome to test-docâ€™s documentation!</title>
        <compound classes="toctree-wrapper">
            <compact_paragraph toctree="True">
                <caption>Contents:</caption>
                <bullet_list>
                    <list_item classes="toctree-l1">
                        <compact_paragraph classes="toctree-l1">
                            <reference anchorname="" internal="True" refuri="intro">Test Section</reference>
                        </compact_paragraph>
                    </list_item>
                    <list_item classes="toctree-l1">
                        <compact_paragraph classes="toctree-l1">
                            <reference anchorname="" internal="True" refuri="chapter-one/index">Chapter one</reference>
                        </compact_paragraph>
                        <bullet_list>
                            <list_item classes="toctree-l2">
                                <compact_paragraph classes="toctree-l2">
                                    <reference anchorname="" internal="True" refuri="chapter-one/page-three">Page Three
                                        Title
                                    </reference>
                                </compact_paragraph>
                            </list_item>
                        </bullet_list>
                    </list_item>
                    <list_item classes="toctree-l1">
                        <compact_paragraph classes="toctree-l1">
                            <reference anchorname="" internal="True" refuri="chapter-two/index">Chapter two</reference>
                        </compact_paragraph>
                        <bullet_list>
                            <list_item classes="toctree-l2">
                                <compact_paragraph classes="toctree-l2">
                                    <reference anchorname="" internal="True" refuri="chapter-two/page-four">Page Four
                                        Title
                                    </reference>
                                </compact_paragraph>
                            </list_item>
                            <list_item classes="toctree-l2">
                                <compact_paragraph classes="toctree-l2">
                                    <reference anchorname="" internal="True" refuri="chapter-two/page-five">Page Five
                                        Title
                                    </reference>
                                </compact_paragraph>
                            </list_item>
                        </bullet_list>
                    </list_item>
                </bullet_list>
            </compact_paragraph>
        </compound>
    </section>
</document>
